  Compiling gridcell_module.f90
ifort: command line remark #10010: option '-vec-report0' is deprecated and will be removed in a future release. See '-help deprecated'
  Compiling interpolation_module.f90
ifort: command line remark #10010: option '-vec-report0' is deprecated and will be removed in a future release. See '-help deprecated'
  Compiling parameter_module.f90
ifort: command line remark #10010: option '-vec-report0' is deprecated and will be removed in a future release. See '-help deprecated'
  Compiling point_in_polygon_module.f90
ifort: command line remark #10010: option '-vec-report0' is deprecated and will be removed in a future release. See '-help deprecated'
  Compiling random_module.f90
ifort: command line remark #10010: option '-vec-report0' is deprecated and will be removed in a future release. See '-help deprecated'
  Compiling tension_module.f90
ifort: command line remark #10010: option '-vec-report0' is deprecated and will be removed in a future release. See '-help deprecated'
  Compiling conversion_module.f90
ifort: command line remark #10010: option '-vec-report0' is deprecated and will be removed in a future release. See '-help deprecated'
  Compiling hydrodynamic_module.f90
ifort: command line remark #10010: option '-vec-report0' is deprecated and will be removed in a future release. See '-help deprecated'
  Compiling norm_module.f90
ifort: command line remark #10010: option '-vec-report0' is deprecated and will be removed in a future release. See '-help deprecated'
  Compiling boundary_module.f90
ifort: command line remark #10010: option '-vec-report0' is deprecated and will be removed in a future release. See '-help deprecated'
  Compiling hor_turb_module.f90
ifort: command line remark #10010: option '-vec-report0' is deprecated and will be removed in a future release. See '-help deprecated'
  Compiling settlement_module.f90
ifort: command line remark #10010: option '-vec-report0' is deprecated and will be removed in a future release. See '-help deprecated'
  Compiling ver_turb_module.f90
ifort: command line remark #10010: option '-vec-report0' is deprecated and will be removed in a future release. See '-help deprecated'
  Compiling behavior_module.f90
ifort: command line remark #10010: option '-vec-report0' is deprecated and will be removed in a future release. See '-help deprecated'
  Compiling LTRANS.f90
ifort: command line remark #10010: option '-vec-report0' is deprecated and will be removed in a future release. See '-help deprecated'
ld: cannot find -lnetcdff
make: *** [LTRANS] Error 1
