  ******************** Model Info ******************** 
  
  Run Name:              = LTRANS v.2 test case
  Executable Directory:  = .
  Output Directory:      = ./output
  Run By:                = Ian Mitchell
  Institution:           = UMCES-HPL
  Started On:            = 15 Feb 2013
  
  Days:                  = 3600.000
  Particles:             = 608
  Particle File:         = ./input/Initial_particle_locations.csv
  
  Behavior:              = Passive
  Particle Mortality:    = Off
  Settlement:            = Off
  
  Horizontal Turbulence: = On
  Vertical Turbulence:   = On
  Projection:            = Spherical
  Ocean Boundary:        = Open
  Salt & Temp Output:    = Off
  Track Collisions:      = No
  Track Model Timing:    = Yes
  
  Grid File:             = 
 /vol/home/student/YinHQ/roms/scs25/Data/scs25_grd.nc                           
                                                                                
                                           
  First Hydro File:      = /vol/home/student/YinHQ/roms/scs25/scs25_his_0001.nc
  
  Seed:                  = 9
  
  
  *************** LTRANS INITIALIZATION ************** 
 read in particle locations         608
   Particle n=5 Latitude=   15.6280000000000      Longitude=
   115.112000000000     
   Particle n=5 Depth= -0.250000000000000     
   Particle n=5 X=   1834437.56920238      Y=   1739663.63398967     
 read-in grid information
 create elements
 find adjacent elements
  - rho
  - u
  - v
 prepare boundary arrays
 output lat/long blanking file
 output metric blanking file
 initialize behavior
 finding each particle's initial element
 /vol/home/student/YinHQ/roms/scs25/scs25_his_0001.nc
Time to initialize model = 18.311 seconds.

****** BEGIN ITERATIONS *******
 write output to file, day =   0.208333333333333     
 write output to file, day =   0.416666666666667     
 write output to file, day =   0.625000000000000     
 write output to file, day =   0.833333333333333     
 write output to file, day =    1.04166666666667     
 write output to file, day =    1.25000000000000     
 write output to file, day =    1.45833333333333     
 write output to file, day =    1.66666666666667     
 write output to file, day =    1.87500000000000     
 write output to file, day =    2.08333333333333     
 write output to file, day =    2.29166666666667     
 write output to file, day =    2.50000000000000     
 write output to file, day =    2.70833333333333     
 write output to file, day =    2.91666666666667     
 write output to file, day =    3.12500000000000     
 write output to file, day =    3.33333333333333     
 write output to file, day =    3.54166666666667     
 write output to file, day =    3.75000000000000     
 write output to file, day =    3.95833333333333     
 write output to file, day =    4.16666666666667     
 write output to file, day =    4.37500000000000     
 write output to file, day =    4.58333333333333     
 write output to file, day =    4.79166666666667     
 write output to file, day =    5.00000000000000     
 write output to file, day =    5.20833333333333     
 write output to file, day =    5.41666666666667     
 write output to file, day =    5.62500000000000     
 write output to file, day =    5.83333333333333     
 write output to file, day =    6.04166666666667     
 write output to file, day =    6.25000000000000     
 write output to file, day =    6.45833333333333     
 write output to file, day =    6.66666666666667     
 write output to file, day =    6.87500000000000     
 write output to file, day =    7.08333333333333     
 write output to file, day =    7.29166666666667     
 write output to file, day =    7.50000000000000     
 write output to file, day =    7.70833333333333     
 write output to file, day =    7.91666666666667     
 write output to file, day =    8.12500000000000     
 write output to file, day =    8.33333333333333     
 write output to file, day =    8.54166666666667     
 write output to file, day =    8.75000000000000     
 write output to file, day =    8.95833333333333     
 write output to file, day =    9.16666666666667     
 write output to file, day =    9.37500000000000     
 write output to file, day =    9.58333333333333     
 write output to file, day =    9.79166666666667     
 write output to file, day =    10.0000000000000     
 write output to file, day =    10.2083333333333     
 write output to file, day =    10.4166666666667     
 write output to file, day =    10.6250000000000     
 write output to file, day =    10.8333333333333     
 write output to file, day =    11.0416666666667     
 write output to file, day =    11.2500000000000     
 write output to file, day =    11.4583333333333     
 write output to file, day =    11.6666666666667     
 write output to file, day =    11.8750000000000     
 existing matrix,stepf=           4
 write output to file, day =    12.0833333333333     
 write output to file, day =    12.2916666666667     
 write output to file, day =    12.5000000000000     
 write output to file, day =    12.7083333333333     
 write output to file, day =    12.9166666666667     
 write output to file, day =    13.1250000000000     
 write output to file, day =    13.3333333333333     
 write output to file, day =    13.5416666666667     
 write output to file, day =    13.7500000000000     
 write output to file, day =    13.9583333333333     
 write output to file, day =    14.1666666666667     
 write output to file, day =    14.3750000000000     
 write output to file, day =    14.5833333333333     
 write output to file, day =    14.7916666666667     
 write output to file, day =    15.0000000000000     
 write output to file, day =    15.2083333333333     
 write output to file, day =    15.4166666666667     
 write output to file, day =    15.6250000000000     
 write output to file, day =    15.8333333333333     
 write output to file, day =    16.0416666666667     
 write output to file, day =    16.2500000000000     
 write output to file, day =    16.4583333333333     
 write output to file, day =    16.6666666666667     
 write output to file, day =    16.8750000000000     
 write output to file, day =    17.0833333333333     
 write output to file, day =    17.2916666666667     
 write output to file, day =    17.5000000000000     
 write output to file, day =    17.7083333333333     
 write output to file, day =    17.9166666666667     
 existing matrix,stepf=           5
 write output to file, day =    18.1250000000000     
 write output to file, day =    18.3333333333333     
 write output to file, day =    18.5416666666667     
 write output to file, day =    18.7500000000000     
 write output to file, day =    18.9583333333333     
 write output to file, day =    19.1666666666667     
 write output to file, day =    19.3750000000000     
 write output to file, day =    19.5833333333333     
 write output to file, day =    19.7916666666667     
 write output to file, day =    20.0000000000000     
 write output to file, day =    20.2083333333333     
 write output to file, day =    20.4166666666667     
 write output to file, day =    20.6250000000000     
 write output to file, day =    20.8333333333333     
 write output to file, day =    21.0416666666667     
 write output to file, day =    21.2500000000000     
 write output to file, day =    21.4583333333333     
 write output to file, day =    21.6666666666667     
 write output to file, day =    21.8750000000000     
 write output to file, day =    22.0833333333333     
 write output to file, day =    22.2916666666667     
 write output to file, day =    22.5000000000000     
 write output to file, day =    22.7083333333333     
 write output to file, day =    22.9166666666667     
 write output to file, day =    23.1250000000000     
 write output to file, day =    23.3333333333333     
 write output to file, day =    23.5416666666667     
 write output to file, day =    23.7500000000000     
 write output to file, day =    23.9583333333333     
 existing matrix,stepf=           6
 write output to file, day =    24.1666666666667     
 write output to file, day =    24.3750000000000     
 write output to file, day =    24.5833333333333     
 write output to file, day =    24.7916666666667     
 write output to file, day =    25.0000000000000     
 write output to file, day =    25.2083333333333     
 write output to file, day =    25.4166666666667     
 write output to file, day =    25.6250000000000     
 write output to file, day =    25.8333333333333     
 write output to file, day =    26.0416666666667     
 write output to file, day =    26.2500000000000     
 write output to file, day =    26.4583333333333     
 write output to file, day =    26.6666666666667     
 write output to file, day =    26.8750000000000     
 write output to file, day =    27.0833333333333     
 write output to file, day =    27.2916666666667     
 write output to file, day =    27.5000000000000     
 write output to file, day =    27.7083333333333     
 write output to file, day =    27.9166666666667     
 write output to file, day =    28.1250000000000     
 write output to file, day =    28.3333333333333     
 write output to file, day =    28.5416666666667     
 write output to file, day =    28.7500000000000     
 write output to file, day =    28.9583333333333     
 write output to file, day =    29.1666666666667     
 write output to file, day =    29.3750000000000     
 write output to file, day =    29.5833333333333     
 write output to file, day =    29.7916666666667     
 write output to file, day =    30.0000000000000     
 /vol/home/student/YinHQ/roms/scs25/scs25_his_0002.nc
 existing matrix,stepf=           1
 write output to file, day =    30.2083333333333     
 write output to file, day =    30.4166666666667     
 write output to file, day =    30.6250000000000     
 write output to file, day =    30.8333333333333     
 write output to file, day =    31.0416666666667     
 write output to file, day =    31.2500000000000     
 write output to file, day =    31.4583333333333     
 write output to file, day =    31.6666666666667     
 write output to file, day =    31.8750000000000     
 write output to file, day =    32.0833333333333     
 write output to file, day =    32.2916666666667     
 write output to file, day =    32.5000000000000     
 write output to file, day =    32.7083333333333     
 write output to file, day =    32.9166666666667     
 write output to file, day =    33.1250000000000     
 write output to file, day =    33.3333333333333     
 write output to file, day =    33.5416666666667     
 write output to file, day =    33.7500000000000     
 write output to file, day =    33.9583333333333     
 write output to file, day =    34.1666666666667     
 write output to file, day =    34.3750000000000     
 write output to file, day =    34.5833333333333     
 write output to file, day =    34.7916666666667     
 write output to file, day =    35.0000000000000     
 write output to file, day =    35.2083333333333     
 write output to file, day =    35.4166666666667     
 write output to file, day =    35.6250000000000     
 write output to file, day =    35.8333333333333     
 existing matrix,stepf=           2
 write output to file, day =    36.0416666666667     
 write output to file, day =    36.2500000000000     
 write output to file, day =    36.4583333333333     
 write output to file, day =    36.6666666666667     
 write output to file, day =    36.8750000000000     
 write output to file, day =    37.0833333333333     
 write output to file, day =    37.2916666666667     
 write output to file, day =    37.5000000000000     
 write output to file, day =    37.7083333333333     
 write output to file, day =    37.9166666666667     
 write output to file, day =    38.1250000000000     
 write output to file, day =    38.3333333333333     
 write output to file, day =    38.5416666666667     
 write output to file, day =    38.7500000000000     
 write output to file, day =    38.9583333333333     
 write output to file, day =    39.1666666666667     
 write output to file, day =    39.3750000000000     
 write output to file, day =    39.5833333333333     
 write output to file, day =    39.7916666666667     
 write output to file, day =    40.0000000000000     
 write output to file, day =    40.2083333333333     
 write output to file, day =    40.4166666666667     
 write output to file, day =    40.6250000000000     
 write output to file, day =    40.8333333333333     
 write output to file, day =    41.0416666666667     
 write output to file, day =    41.2500000000000     
 write output to file, day =    41.4583333333333     
 write output to file, day =    41.6666666666667     
 write output to file, day =    41.8750000000000     
 existing matrix,stepf=           3
 write output to file, day =    42.0833333333333     
 write output to file, day =    42.2916666666667     
 write output to file, day =    42.5000000000000     
 write output to file, day =    42.7083333333333     
 write output to file, day =    42.9166666666667     
 write output to file, day =    43.1250000000000     
 write output to file, day =    43.3333333333333     
 write output to file, day =    43.5416666666667     
 write output to file, day =    43.7500000000000     
 write output to file, day =    43.9583333333333     
 write output to file, day =    44.1666666666667     
 write output to file, day =    44.3750000000000     
 write output to file, day =    44.5833333333333     
 write output to file, day =    44.7916666666667     
 write output to file, day =    45.0000000000000     
 write output to file, day =    45.2083333333333     
 write output to file, day =    45.4166666666667     
 write output to file, day =    45.6250000000000     
 write output to file, day =    45.8333333333333     
 write output to file, day =    46.0416666666667     
 write output to file, day =    46.2500000000000     
 write output to file, day =    46.4583333333333     
 write output to file, day =    46.6666666666667     
 write output to file, day =    46.8750000000000     
 write output to file, day =    47.0833333333333     
 write output to file, day =    47.2916666666667     
 write output to file, day =    47.5000000000000     
 write output to file, day =    47.7083333333333     
 write output to file, day =    47.9166666666667     
 existing matrix,stepf=           4
 write output to file, day =    48.1250000000000     
 write output to file, day =    48.3333333333333     
 write output to file, day =    48.5416666666667     
 write output to file, day =    48.7500000000000     
 write output to file, day =    48.9583333333333     
 write output to file, day =    49.1666666666667     
 write output to file, day =    49.3750000000000     
 write output to file, day =    49.5833333333333     
 write output to file, day =    49.7916666666667     
 write output to file, day =    50.0000000000000     
 write output to file, day =    50.2083333333333     
 write output to file, day =    50.4166666666667     
 write output to file, day =    50.6250000000000     
 write output to file, day =    50.8333333333333     
 write output to file, day =    51.0416666666667     
 write output to file, day =    51.2500000000000     
 write output to file, day =    51.4583333333333     
 write output to file, day =    51.6666666666667     
 write output to file, day =    51.8750000000000     
 write output to file, day =    52.0833333333333     
 write output to file, day =    52.2916666666667     
 write output to file, day =    52.5000000000000     
 write output to file, day =    52.7083333333333     
 write output to file, day =    52.9166666666667     
 write output to file, day =    53.1250000000000     
 write output to file, day =    53.3333333333333     
 write output to file, day =    53.5416666666667     
 write output to file, day =    53.7500000000000     
 write output to file, day =    53.9583333333333     
 existing matrix,stepf=           5
 write output to file, day =    54.1666666666667     
 write output to file, day =    54.3750000000000     
 write output to file, day =    54.5833333333333     
 write output to file, day =    54.7916666666667     
 write output to file, day =    55.0000000000000     
 write output to file, day =    55.2083333333333     
 write output to file, day =    55.4166666666667     
 write output to file, day =    55.6250000000000     
 write output to file, day =    55.8333333333333     
 write output to file, day =    56.0416666666667     
 write output to file, day =    56.2500000000000     
 write output to file, day =    56.4583333333333     
 write output to file, day =    56.6666666666667     
 write output to file, day =    56.8750000000000     
 write output to file, day =    57.0833333333333     
 write output to file, day =    57.2916666666667     
 write output to file, day =    57.5000000000000     
 write output to file, day =    57.7083333333333     
 write output to file, day =    57.9166666666667     
 write output to file, day =    58.1250000000000     
 write output to file, day =    58.3333333333333     
 write output to file, day =    58.5416666666667     
 write output to file, day =    58.7500000000000     
 write output to file, day =    58.9583333333333     
 write output to file, day =    59.1666666666667     
 write output to file, day =    59.3750000000000     
 write output to file, day =    59.5833333333333     
 write output to file, day =    59.7916666666667     
 write output to file, day =    60.0000000000000     
 /vol/home/student/YinHQ/roms/scs25/scs25_his_0003.nc
 existing matrix,stepf=           1
 write output to file, day =    60.2083333333333     
 write output to file, day =    60.4166666666667     
 write output to file, day =    60.6250000000000     
 write output to file, day =    60.8333333333333     
 write output to file, day =    61.0416666666667     
 write output to file, day =    61.2500000000000     
 write output to file, day =    61.4583333333333     
 write output to file, day =    61.6666666666667     
 write output to file, day =    61.8750000000000     
 write output to file, day =    62.0833333333333     
 write output to file, day =    62.2916666666667     
 write output to file, day =    62.5000000000000     
 write output to file, day =    62.7083333333333     
 write output to file, day =    62.9166666666667     
 write output to file, day =    63.1250000000000     
 write output to file, day =    63.3333333333333     
 write output to file, day =    63.5416666666667     
 write output to file, day =    63.7500000000000     
 write output to file, day =    63.9583333333333     
 write output to file, day =    64.1666666666667     
 write output to file, day =    64.3750000000000     
 write output to file, day =    64.5833333333333     
 write output to file, day =    64.7916666666667     
 write output to file, day =    65.0000000000000     
 write output to file, day =    65.2083333333333     
 write output to file, day =    65.4166666666667     
 write output to file, day =    65.6250000000000     
 write output to file, day =    65.8333333333333     
 existing matrix,stepf=           2
 write output to file, day =    66.0416666666667     
 write output to file, day =    66.2500000000000     
 write output to file, day =    66.4583333333333     
 write output to file, day =    66.6666666666667     
 write output to file, day =    66.8750000000000     
 write output to file, day =    67.0833333333333     
 write output to file, day =    67.2916666666667     
 write output to file, day =    67.5000000000000     
 write output to file, day =    67.7083333333333     
 write output to file, day =    67.9166666666667     
 write output to file, day =    68.1250000000000     
 write output to file, day =    68.3333333333333     
 write output to file, day =    68.5416666666667     
 write output to file, day =    68.7500000000000     
 write output to file, day =    68.9583333333333     
 write output to file, day =    69.1666666666667     
 write output to file, day =    69.3750000000000     
 write output to file, day =    69.5833333333333     
 write output to file, day =    69.7916666666667     
 write output to file, day =    70.0000000000000     
 write output to file, day =    70.2083333333333     
 write output to file, day =    70.4166666666667     
 write output to file, day =    70.6250000000000     
 write output to file, day =    70.8333333333333     
 write output to file, day =    71.0416666666667     
 write output to file, day =    71.2500000000000     
 write output to file, day =    71.4583333333333     
 write output to file, day =    71.6666666666667     
 write output to file, day =    71.8750000000000     
 existing matrix,stepf=           3
 write output to file, day =    72.0833333333333     
 write output to file, day =    72.2916666666667     
 write output to file, day =    72.5000000000000     
 write output to file, day =    72.7083333333333     
 write output to file, day =    72.9166666666667     
 write output to file, day =    73.1250000000000     
 write output to file, day =    73.3333333333333     
 write output to file, day =    73.5416666666667     
 write output to file, day =    73.7500000000000     
 write output to file, day =    73.9583333333333     
 write output to file, day =    74.1666666666667     
 write output to file, day =    74.3750000000000     
 write output to file, day =    74.5833333333333     
 write output to file, day =    74.7916666666667     
 write output to file, day =    75.0000000000000     
 write output to file, day =    75.2083333333333     
 write output to file, day =    75.4166666666667     
 write output to file, day =    75.6250000000000     
 write output to file, day =    75.8333333333333     
 write output to file, day =    76.0416666666667     
 write output to file, day =    76.2500000000000     
 write output to file, day =    76.4583333333333     
 write output to file, day =    76.6666666666667     
 write output to file, day =    76.8750000000000     
 write output to file, day =    77.0833333333333     
 write output to file, day =    77.2916666666667     
 write output to file, day =    77.5000000000000     
 write output to file, day =    77.7083333333333     
 write output to file, day =    77.9166666666667     
 existing matrix,stepf=           4
 write output to file, day =    78.1250000000000     
 write output to file, day =    78.3333333333333     
 write output to file, day =    78.5416666666667     
 write output to file, day =    78.7500000000000     
 write output to file, day =    78.9583333333333     
 write output to file, day =    79.1666666666667     
 write output to file, day =    79.3750000000000     
 write output to file, day =    79.5833333333333     
 write output to file, day =    79.7916666666667     
 write output to file, day =    80.0000000000000     
 write output to file, day =    80.2083333333333     
 write output to file, day =    80.4166666666667     
 write output to file, day =    80.6250000000000     
 write output to file, day =    80.8333333333333     
 write output to file, day =    81.0416666666667     
 write output to file, day =    81.2500000000000     
 write output to file, day =    81.4583333333333     
 write output to file, day =    81.6666666666667     
 write output to file, day =    81.8750000000000     
 write output to file, day =    82.0833333333333     
 write output to file, day =    82.2916666666667     
 write output to file, day =    82.5000000000000     
 write output to file, day =    82.7083333333333     
 write output to file, day =    82.9166666666667     
 write output to file, day =    83.1250000000000     
 write output to file, day =    83.3333333333333     
 write output to file, day =    83.5416666666667     
 write output to file, day =    83.7500000000000     
 write output to file, day =    83.9583333333333     
 existing matrix,stepf=           5
 write output to file, day =    84.1666666666667     
 write output to file, day =    84.3750000000000     
 write output to file, day =    84.5833333333333     
 write output to file, day =    84.7916666666667     
 write output to file, day =    85.0000000000000     
 write output to file, day =    85.2083333333333     
 write output to file, day =    85.4166666666667     
 write output to file, day =    85.6250000000000     
 write output to file, day =    85.8333333333333     
 write output to file, day =    86.0416666666667     
 write output to file, day =    86.2500000000000     
 write output to file, day =    86.4583333333333     
 write output to file, day =    86.6666666666667     
 write output to file, day =    86.8750000000000     
 write output to file, day =    87.0833333333333     
 write output to file, day =    87.2916666666667     
 write output to file, day =    87.5000000000000     
 write output to file, day =    87.7083333333333     
 write output to file, day =    87.9166666666667     
 write output to file, day =    88.1250000000000     
 write output to file, day =    88.3333333333333     
 write output to file, day =    88.5416666666667     
 write output to file, day =    88.7500000000000     
 write output to file, day =    88.9583333333333     
 write output to file, day =    89.1666666666667     
 write output to file, day =    89.3750000000000     
 write output to file, day =    89.5833333333333     
 write output to file, day =    89.7916666666667     
 write output to file, day =    90.0000000000000     
 /vol/home/student/YinHQ/roms/scs25/scs25_his_0004.nc
 existing matrix,stepf=           1
 write output to file, day =    90.2083333333333     
 write output to file, day =    90.4166666666667     
 write output to file, day =    90.6250000000000     
 write output to file, day =    90.8333333333333     
 write output to file, day =    91.0416666666667     
 write output to file, day =    91.2500000000000     
 write output to file, day =    91.4583333333333     
 write output to file, day =    91.6666666666667     
 write output to file, day =    91.8750000000000     
 write output to file, day =    92.0833333333333     
 write output to file, day =    92.2916666666667     
 write output to file, day =    92.5000000000000     
 write output to file, day =    92.7083333333333     
 write output to file, day =    92.9166666666667     
 write output to file, day =    93.1250000000000     
 write output to file, day =    93.3333333333333     
 write output to file, day =    93.5416666666667     
 write output to file, day =    93.7500000000000     
 write output to file, day =    93.9583333333333     
 write output to file, day =    94.1666666666667     
 write output to file, day =    94.3750000000000     
 write output to file, day =    94.5833333333333     
 write output to file, day =    94.7916666666667     
 write output to file, day =    95.0000000000000     
 write output to file, day =    95.2083333333333     
 write output to file, day =    95.4166666666667     
 write output to file, day =    95.6250000000000     
 write output to file, day =    95.8333333333333     
 existing matrix,stepf=           2
 write output to file, day =    96.0416666666667     
 write output to file, day =    96.2500000000000     
 write output to file, day =    96.4583333333333     
 write output to file, day =    96.6666666666667     
 write output to file, day =    96.8750000000000     
 write output to file, day =    97.0833333333333     
 write output to file, day =    97.2916666666667     
 write output to file, day =    97.5000000000000     
 write output to file, day =    97.7083333333333     
 write output to file, day =    97.9166666666667     
 write output to file, day =    98.1250000000000     
 write output to file, day =    98.3333333333333     
 write output to file, day =    98.5416666666667     
 write output to file, day =    98.7500000000000     
 write output to file, day =    98.9583333333333     
 write output to file, day =    99.1666666666667     
 write output to file, day =    99.3750000000000     
 write output to file, day =    99.5833333333333     
 write output to file, day =    99.7916666666667     
 write output to file, day =    100.000000000000     
 write output to file, day =    100.208333333333     
 write output to file, day =    100.416666666667     
 write output to file, day =    100.625000000000     
 write output to file, day =    100.833333333333     
 write output to file, day =    101.041666666667     
 write output to file, day =    101.250000000000     
 write output to file, day =    101.458333333333     
 write output to file, day =    101.666666666667     
 write output to file, day =    101.875000000000     
 existing matrix,stepf=           3
 write output to file, day =    102.083333333333     
 write output to file, day =    102.291666666667     
 write output to file, day =    102.500000000000     
 write output to file, day =    102.708333333333     
 write output to file, day =    102.916666666667     
 write output to file, day =    103.125000000000     
 write output to file, day =    103.333333333333     
 write output to file, day =    103.541666666667     
 write output to file, day =    103.750000000000     
 write output to file, day =    103.958333333333     
 write output to file, day =    104.166666666667     
 write output to file, day =    104.375000000000     
 write output to file, day =    104.583333333333     
 write output to file, day =    104.791666666667     
 write output to file, day =    105.000000000000     
 write output to file, day =    105.208333333333     
 write output to file, day =    105.416666666667     
 write output to file, day =    105.625000000000     
 write output to file, day =    105.833333333333     
 write output to file, day =    106.041666666667     
