  ******************** Model Info ******************** 
  
  Run Name:              = LTRANS v.2 test case
  Executable Directory:  = .
  Output Directory:      = ./output
  Run By:                = Ian Mitchell
  Institution:           = UMCES-HPL
  Started On:            = 15 Feb 2013
  
  Days:                  = 0.250
  Particles:             = 10000
  Particle File:         = 
 /vol/home/student/YinHQ/roms/ideal/IPL_unidep-150_n10000.csv
  
  Behavior:              = Passive
  Particle Mortality:    = Off
  Settlement:            = Off
  
  Horizontal Turbulence: = Off
  Vertical Turbulence:   = Off
  Projection:            = Mercator
  Ocean Boundary:        = Closed
  Salt & Temp Output:    = Off
  Track Collisions:      = No
  Track Model Timing:    = Yes
  
  Grid File:             = 
 /vol/home/student/YinHQ/roms/ideal/ideal_grd.nc                                
                                                                                
                                           
  First Hydro File:      = /vol/home/student/YinHQ/roms/ideal/loop_his_0000.nc
  
  Seed:                  = 9
  
  
  *************** LTRANS INITIALIZATION ************** 
 read in particle locations       10000
   Particle n=5 Latitude=  0.160210000000000      Longitude=
   10.3440000000000     
   Particle n=5 Depth=  -150.000000000000     
   Particle n=5 X=   34399.9999999999      Y=   16021.0000000000     
 read-in grid information
 create elements
 find adjacent elements
  - rho
  - u
  - v
 prepare boundary arrays
 output lat/long blanking file
 output metric blanking file
 initialize behavior
 finding each particle's initial element
 /vol/home/student/YinHQ/roms/ideal/loop_his_0000.nc
Time to initialize model =  1.481 seconds.

****** BEGIN ITERATIONS *******
 px,py,ppx,ppy   15400.0000000000        74033.0000000000     
  0.000000000000000E+000  0.000000000000000E+000
 new Zpos  -149.519600862191     
 px,py,ppx,ppy   15400.0826849879        74032.8764407475     
   15400.0000000000        74033.0000000000     
 new Zpos  -149.039200843611     
 px,py,ppx,ppy   15400.1653694351        74032.7528816242     
   15400.0826849879        74032.8764407475     
 new Zpos  -148.558799939989     
 px,py,ppx,ppy   15400.2480533416        74032.6293226293     
   15400.1653694351        74032.7528816242     
 new Zpos  -148.078398147108     
 px,py,ppx,ppy   15400.3307367075        74032.5057637615     
   15400.2480533416        74032.6293226293     
 new Zpos  -147.597995460810     
 px,py,ppx,ppy   15400.4134195329        74032.3822050192     
   15400.3307367075        74032.5057637615     
 new Zpos  -147.117591876991     
 px,py,ppx,ppy   15400.4961018180        74032.2586464010     
   15400.4134195329        74032.3822050192     
 new Zpos  -146.637187391607     
 px,py,ppx,ppy   15400.5787835633        74032.1350879047     
   15400.4961018180        74032.2586464010     
 new Zpos  -146.156782000612     
 px,py,ppx,ppy   15400.6614647693        74032.0115295283     
   15400.5787835633        74032.1350879047     
 new Zpos  -145.676375699426     
 px,py,ppx,ppy   15400.7441454368        74031.8879712694     
   15400.6614647693        74032.0115295283     
 new Zpos  -145.195968483359     
 px,py,ppx,ppy   15400.8268255667        74031.7644131251     
   15400.7441454368        74031.8879712694     
 new Zpos  -144.607336347782     
 px,py,ppx,ppy   15400.9095051608        74031.6408550925     
   15400.8268255667        74031.7644131251     
 new Zpos  -144.018703103396     
 px,py,ppx,ppy   15400.9921841356        74031.5172972069     
   15400.9095051608        74031.6408550925     
 new Zpos  -143.430068743313     
 px,py,ppx,ppy   15401.0748624957        74031.3937394624     
   15400.9921841356        74031.5172972069     
 new Zpos  -142.841433260752     
 px,py,ppx,ppy   15401.1575402484        74031.2701818524     
   15401.0748624957        74031.3937394624     
 new Zpos  -142.252796649035     
 px,py,ppx,ppy   15401.2402174038        74031.1466243694     
   15401.1575402484        74031.2701818524     
 new Zpos  -141.664158901594     
 px,py,ppx,ppy   15401.3228939771        74031.0230670050     
   15401.2402174038        74031.1466243694     
 new Zpos  -141.075520011963     
 px,py,ppx,ppy   15401.4055699906        74030.8995097497     
   15401.3228939771        74031.0230670050     
 new Zpos  -140.486879973782     
 px,py,ppx,ppy   15401.4882454692        74030.7759525945     
   15401.4055699906        74030.8995097497     
 new Zpos  -139.898238780799     
 px,py,ppx,ppy   15401.5709204158        74030.6523955369     
   15401.4882454692        74030.7759525945     
 new Zpos  -139.309596426863     
 write output to file, day =   4.166666666666666E-002
 existing matrix,stepf=           4
 px,py,ppx,ppy   15401.6535948314        74030.5288385741     
   15401.5709204158        74030.6523955369     
 new Zpos  -138.297777905932     
 px,py,ppx,ppy   15401.7362687175        74030.4052817026     
   15401.6535948314        74030.5288385741     
 new Zpos  -137.285957439712     
 px,py,ppx,ppy   15401.8189418101        74030.2817250247     
   15401.7362687175        74030.4052817026     
 new Zpos  -136.274135010403     
 px,py,ppx,ppy   15401.9016141224        74030.1581685239     
   15401.8189418101        74030.2817250247     
 new Zpos  -135.262310600720     
 px,py,ppx,ppy   15401.9842856761        74030.0346121795     
   15401.9016141224        74030.1581685239     
 new Zpos  -134.250484192132     
 px,py,ppx,ppy   15402.0669565057        74029.9110559672     
   15401.9842856761        74030.0346121795     
 new Zpos  -133.238655765098     
 px,py,ppx,ppy   15402.1496266658        74029.7874998583     
   15402.0669565057        74029.9110559672     
 new Zpos  -132.226825300597     
 px,py,ppx,ppy   15402.2322962420        74029.6639438206     
   15402.1496266658        74029.7874998583     
 new Zpos  -131.214992780126     
 px,py,ppx,ppy   15402.3149653689        74029.5403878177     
   15402.2322962420        74029.6639438206     
 new Zpos  -130.203158185697     
 px,py,ppx,ppy   15402.3976342480        74029.4168318099     
   15402.3149653689        74029.5403878177     
 new Zpos  -129.191321499842     
 existing matrix,stepf=           5
 px,py,ppx,ppy   15402.4803029546        74029.2932757687     
   15402.3976342480        74029.4168318099     
 new Zpos  -127.861290705608     
 px,py,ppx,ppy   15402.5629714899        74029.1697196688     
   15402.4803029546        74029.2932757687     
 new Zpos  -126.531257145770     
 px,py,ppx,ppy   15402.6456398516        74029.0461634688     
   15402.5629714899        74029.1697196688     
 new Zpos  -125.201220792479     
 px,py,ppx,ppy   15402.7283080455        74028.9226071132     
   15402.6456398516        74029.0461634688     
 new Zpos  -123.871181615647     
 px,py,ppx,ppy   15402.8109760798        74028.7990505401     
   15402.7283080455        74028.9226071132     
 new Zpos  -122.541139584735     
 px,py,ppx,ppy   15402.8936439651        74028.6754936810     
   15402.8109760798        74028.7990505401     
 new Zpos  -121.211094670343     
 px,py,ppx,ppy   15402.9763117141        74028.5519364611     
   15402.8936439651        74028.6754936810     
 new Zpos  -119.881046844206     
 px,py,ppx,ppy   15403.0589794904        74028.4283788027     
   15402.9763117141        74028.5519364611     
 new Zpos  -118.550996079195     
 px,py,ppx,ppy   15403.1416476475        74028.3048206264     
   15403.0589794904        74028.4283788027     
 new Zpos  -117.220942349315     
 px,py,ppx,ppy   15403.2243164928        74028.1812618464     
   15403.1416476475        74028.3048206264     
 new Zpos  -115.890885628551     
 write output to file, day =   8.333333333333333E-002
 existing matrix,stepf=           6
 px,py,ppx,ppy   15403.3069862853        74028.0577023699     
   15403.2243164928        74028.1812618464     
 new Zpos  -115.143649888798     
 px,py,ppx,ppy   15403.3896572360        74027.9341420978     
   15403.3069862853        74028.0577023699     
 new Zpos  -114.396412401681     
 px,py,ppx,ppy   15403.4723288449        74027.8105813045     
   15403.3896572360        74027.9341420978     
 new Zpos  -113.649173159259     
 px,py,ppx,ppy   15403.5550011549        74027.6870199555     
   15403.4723288449        74027.8105813045     
 new Zpos  -112.901932153790     
 px,py,ppx,ppy   15403.6376742051        74027.5634580176     
   15403.5550011549        74027.6870199555     
 new Zpos  -112.154689377732     
 px,py,ppx,ppy   15403.7203480467        74027.4398954632     
   15403.6376742051        74027.5634580176     
 new Zpos  -111.407444823743     
 px,py,ppx,ppy   15403.8030227358        74027.3163322638     
   15403.7203480467        74027.4398954632     
 new Zpos  -110.660198484678     
 px,py,ppx,ppy   15403.8856983329        74027.1927683887     
   15403.8030227358        74027.3163322638     
 new Zpos  -109.912950353595     
 px,py,ppx,ppy   15403.9683749022        74027.0692038056     
   15403.8856983329        74027.1927683887     
 new Zpos  -109.165700423603     
 px,py,ppx,ppy   15404.0510525121        74026.9456384803     
   15403.9683749022        74027.0692038056     
 new Zpos  -108.418448687044     
 existing matrix,stepf=           7
 px,py,ppx,ppy   15404.1337312352        74026.8220723768     
   15404.0510525121        74026.9456384803     
 new Zpos  -107.374001136273     
 px,py,ppx,ppy   15404.2164111480        74026.6985054572     
   15404.1337312352        74026.8220723768     
 new Zpos  -106.329551070856     
 px,py,ppx,ppy   15404.2990929198        74026.5749373558     
   15404.2164111480        74026.6985054572     
 new Zpos  -105.285098476201     
 px,py,ppx,ppy   15404.3817767178        74026.4513679906     
   15404.2990929198        74026.5749373558     
 new Zpos  -104.240643338248     
 px,py,ppx,ppy   15404.4644626880        74026.3277972893     
   15404.3817767178        74026.4513679906     
 new Zpos  -103.196185643468     
 px,py,ppx,ppy   15404.5471509724        74026.2042251813     
   15404.4644626880        74026.3277972893     
 new Zpos  -102.151725378860     
 px,py,ppx,ppy   15404.6298417213        74026.0806515922     
   15404.5471509724        74026.2042251813     
 new Zpos  -101.107262531189     
 px,py,ppx,ppy   15404.7125350939        74025.9570764439     
   15404.6298417213        74026.0806515922     
 new Zpos  -100.062797086236     
 px,py,ppx,ppy   15404.7952312578        74025.8334996540     
   15404.7125350939        74025.9570764439     
 new Zpos  -99.0183290302769     
 px,py,ppx,ppy   15404.8779303896        74025.7099211364     
   15404.7952312578        74025.8334996540     
 new Zpos  -97.9738583501197     
 write output to file, day =   0.125000000000000     
 existing matrix,stepf=           8
 px,py,ppx,ppy   15404.9606326696        74025.5863408033     
   15404.8779303896        74025.7099211364     
 new Zpos  -96.5362040331047     
 px,py,ppx,ppy   15405.0433382631        74025.4627585736     
   15404.9606326696        74025.5863408033     
 new Zpos  -95.0985460956819     
 px,py,ppx,ppy   15405.1260487476        74025.3391736234     
   15405.0433382631        74025.4627585736     
 new Zpos  -93.6608845140507     
 px,py,ppx,ppy   15405.2087644525        74025.2155857917     
   15405.1260487476        74025.3391736234     
 new Zpos  -92.2232192631436     
 px,py,ppx,ppy   15405.2914857203        74025.0919949113     
   15405.2087644525        74025.2155857917     
 new Zpos  -90.7855503192385     
 px,py,ppx,ppy   15405.3742129019        74024.9684008111     
   15405.2914857203        74025.0919949113     
 new Zpos  -89.3478776600179     
 px,py,ppx,ppy   15405.4569463392        74024.8448033236     
   15405.3742129019        74024.9684008111     
 new Zpos  -87.9102012641100     
 px,py,ppx,ppy   15405.5396863734        74024.7212022827     
   15405.4569463392        74024.8448033236     
 new Zpos  -86.4725211085960     
 px,py,ppx,ppy   15405.6224333459        74024.5975975228     
   15405.5396863734        74024.7212022827     
 new Zpos  -85.0348371714745     
 px,py,ppx,ppy   15405.7051875997        74024.4739888784     
   15405.6224333459        74024.5975975228     
 new Zpos  -83.5971494321953     
 existing matrix,stepf=           9
 px,py,ppx,ppy   15405.7879494842        74024.3503761803     
   15405.7051875997        74024.4739888784     
 new Zpos  -81.8782608713178     
 px,py,ppx,ppy   15405.8707193396        74024.2267592638     
   15405.7879494842        74024.3503761803     
 new Zpos  -80.1593677268831     
 px,py,ppx,ppy   15405.9534991821        74024.1031371093     
   15405.8707193396        74024.2267592638     
 new Zpos  -78.4404699702275     
 px,py,ppx,ppy   15406.0362894423        74023.9795095101     
   15405.9534991821        74024.1031371093     
 new Zpos  -76.7215675751869     
 px,py,ppx,ppy   15406.1190905558        74023.8558762570     
   15406.0362894423        74023.9795095101     
 new Zpos  -75.0026605150808     
 px,py,ppx,ppy   15406.2019030732        74023.7322370808     
   15406.1190905558        74023.8558762570     
 new Zpos  -73.2837487635149     
 px,py,ppx,ppy   15406.2847277808        74023.6085915909     
   15406.2019030732        74023.7322370808     
 new Zpos  -71.5648322958467     
 px,py,ppx,ppy   15406.3675655218        74023.4849393683     
   15406.2847277808        74023.6085915909     
 new Zpos  -69.8459110855488     
 px,py,ppx,ppy   15406.4504162653        74023.3612804411     
   15406.3675655218        74023.4849393683     
 new Zpos  -68.1269851088949     
 px,py,ppx,ppy   15406.5332794116        74023.2376151257     
   15406.4504162653        74023.3612804411     
 new Zpos  -66.4080543473728     
 write output to file, day =   0.166666666666667     
 existing matrix,stepf=          10
 px,py,ppx,ppy   15406.6161548702        74023.1139434777     
   15406.5332794116        74023.2376151257     
 new Zpos  -65.1819567775460     
 px,py,ppx,ppy   15406.6990417655        74022.9902659746     
   15406.6161548702        74023.1139434777     
 new Zpos  -63.9558557548203     
 px,py,ppx,ppy   15406.7819342874        74022.8665861713     
   15406.6990417655        74022.9902659746     
 new Zpos  -62.7297512778473     
 px,py,ppx,ppy   15406.8648311756        74022.7429043517     
   15406.7819342874        74022.8665861713     
 new Zpos  -61.5036433430087     
 px,py,ppx,ppy   15406.9477312013        74022.6192205158     
   15406.8648311756        74022.7429043517     
 new Zpos  -60.2775319481188     
 px,py,ppx,ppy   15407.0306331325        74022.4955346779     
   15406.9477312013        74022.6192205158     
 new Zpos  -59.0514170944067     
 px,py,ppx,ppy   15407.1135358374        74022.3718477427     
   15407.0306331325        74022.4955346779     
 new Zpos  -57.8252987836278     
 px,py,ppx,ppy   15407.1964386891        74022.2481598777     
   15407.1135358374        74022.3718477427     
 new Zpos  -56.5991770176101     
 px,py,ppx,ppy   15407.2793416554        74022.1244694679     
   15407.1964386891        74022.2481598777     
 new Zpos  -55.3730517980475     
 px,py,ppx,ppy   15407.3622451731        74022.0007731837     
   15407.2793416554        74022.1244694679     
 new Zpos  -54.1469231247807     
 existing matrix,stepf=          11
 px,py,ppx,ppy   15407.4451493350        74021.8770576633     
   15407.3622451731        74022.0007731837     
 new Zpos  -53.2916459904438     
 px,py,ppx,ppy   15407.5280541918        74021.7532839063     
   15407.4451493350        74021.8770576633     
 new Zpos  -52.4363664290296     
 px,py,ppx,ppy   15407.6109597890        74021.6294289527     
   15407.5280541918        74021.7532839063     
 new Zpos  -51.5810844417283     
 px,py,ppx,ppy   15407.6938883561        74021.5052592076     
   15407.6109597890        74021.6294289527     
 new Zpos  -50.7258000293449     
 px,py,ppx,ppy   15407.7769295228        74021.3799661901     
   15407.6938883561        74021.5052592076     
 new Zpos  -49.8705131247607     
 px,py,ppx,ppy   15407.8601443791        74021.2530478384     
   15407.7769295228        74021.3799661901     
 new Zpos  -49.0152234839905     
 px,py,ppx,ppy   15407.9435558720        74021.1243956422     
   15407.8601443791        74021.2530478384     
 new Zpos  -48.1599310059408     
 px,py,ppx,ppy   15408.0271488339        74020.9942946421     
   15407.9435558720        74021.1243956422     
 new Zpos  -47.3046356266627     
 px,py,ppx,ppy   15408.1108799231        74020.8632771434     
   15408.0271488339        74020.9942946421     
 new Zpos  -46.4493373103793     
 px,py,ppx,ppy   15408.1947253240        74020.7316336401     
   15408.1108799231        74020.8632771434     
 new Zpos  -45.5940360434453     
 write output to file, day =   0.208333333333333     
 existing matrix,stepf=          12
 px,py,ppx,ppy   15408.2786905812        74020.5994589480     
   15408.1947253240        74020.7316336401     
 new Zpos  -44.0795928112706     
 px,py,ppx,ppy   15408.3628103093        74020.4666598137     
   15408.2786905812        74020.5994589480     
 new Zpos  -42.5651442646220     
 px,py,ppx,ppy   15408.4473478240        74020.3320884867     
   15408.3628103093        74020.4666598137     
 new Zpos  -41.0506901853479     
 px,py,ppx,ppy   15408.5324256404        74020.1951939302     
   15408.4473478240        74020.3320884867     
 new Zpos  -39.5362303548679     
 px,py,ppx,ppy   15408.6182716830        74020.0553331892     
   15408.5324256404        74020.1951939302     
 new Zpos  -38.0217645322316     
 px,py,ppx,ppy   15408.7051309291        74019.9118129962     
   15408.6182716830        74020.0553331892     
 new Zpos  -36.5072924123274     
 px,py,ppx,ppy   15408.7932809109        74019.7639164180     
   15408.7051309291        74019.9118129962     
 new Zpos  -34.9928137046133     
 px,py,ppx,ppy   15408.8832334367        74019.6106344841     
   15408.7932809109        74019.7639164180     
 new Zpos  -33.4783281321267     
 px,py,ppx,ppy   15408.9753957806        74019.4510440160     
   15408.8832334367        74019.6106344841     
 new Zpos  -31.9638353771419     
 px,py,ppx,ppy   15409.0705209617        74019.2839557084     
   15408.9753957806        74019.4510440160     
 new Zpos  -30.4493352083049     
 existing matrix,stepf=          13
 px,py,ppx,ppy   15409.1694733662        74019.1080428070     
   15409.0705209617        74019.2839557084     
 new Zpos  -29.5836404856209     
 px,py,ppx,ppy   15409.2732113595        74018.9219659290     
   15409.1694733662        74019.1080428070     
 new Zpos  -28.7179413240632     
 px,py,ppx,ppy   15409.3804308278        74018.7293112492     
   15409.2732113595        74018.9219659290     
 new Zpos  -27.8522377229820     
 px,py,ppx,ppy   15409.4915880906        74018.5295333370     
   15409.3804308278        74018.7293112492     
 new Zpos  -26.9865297478685     
 px,py,ppx,ppy   15409.6070997628        74018.3221175574     
   15409.4915880906        74018.5295333370     
 new Zpos  -26.1208174712738     
 px,py,ppx,ppy   15409.7276366234        74018.1064746624     
   15409.6070997628        74018.3221175574     
 new Zpos  -25.2551009097238     
 px,py,ppx,ppy   15409.8541236512        74017.8819407823     
   15409.7276366234        74018.1064746624     
 new Zpos  -24.3893801147902     
 px,py,ppx,ppy   15409.9874491661        74017.6478316234     
   15409.8541236512        74017.8819407823     
 new Zpos  -23.5236552276276     
 px,py,ppx,ppy   15410.1282742129        74017.4035157517     
   15409.9874491661        74017.6478316234     
 new Zpos  -22.6579264971916     
 px,py,ppx,ppy   15410.2776436606        74017.1483310208     
   15410.1282742129        74017.4035157517     
 new Zpos  -21.7921940596223     
 write output to file, day =   0.250000000000000     
 write endfile.csv
Time to run model =  1 minutes and  6.209 seconds.

****** END LTRANS *******
